Running job on node: comput09
true:choices_1----pred:choices_2
chengong!
chengong!
chengong!
chengong!
chengong!
chengong!
true:choices_2----pred:choices_4
chengong!
chengong!
true:choices_2----pred:choices_4
chengong!
chengong!
chengong!
chengong!
chengong!
true:choices_5----pred:choices_3
true:choices_4----pred:choices_3
chengong!
true:choices_2----pred:choices_5
chengong!
true:choices_2----pred:choices_5
chengong!
true:choices_5----pred:choices_4
chengong!
true:choices_4----pred:choices_3
true:choices_4----pred:choices_2
chengong!
chengong!
true:choices_1----pred:choices_5
chengong!
chengong!
chengong!
chengong!
chengong!
true:choices_4----pred:choices_3
chengong!
true:choices_1----pred:choices_4
true:choices_5----pred:choices_3
chengong!
chengong!
chengong!
chengong!
true:choices_3----pred:choices_5
chengong!
true:choices_4----pred:choices_5
chengong!
chengong!
chengong!
chengong!
true:choices_1----pred:choices_3
chengong!
chengong!
chengong!
chengong!
true:choices_4----pred:choices_1
chengong!
chengong!
chengong!
true:choices_1----pred:choices_5
true:choices_5----pred:choices_4
true:choices_3----pred:choices_5
chengong!
true:choices_1----pred:choices_5
chengong!
chengong!
chengong!
true:choices_2----pred:choices_1
chengong!
true:choices_3----pred:choices_2
chengong!
true:choices_2----pred:choices_5
chengong!
chengong!
chengong!
chengong!
chengong!
chengong!
chengong!
chengong!
chengong!
true:choices_3----pred:choices_4
chengong!
true:choices_5----pred:choices_4
chengong!
chengong!
chengong!
chengong!
chengong!
chengong!
true:choices_4----pred:field of flowers
true:choices_1----pred:choices_3
chengong!
true:choices_1----pred:choices_5
chengong!
chengong!
true:choices_2----pred:choices_1
true:choices_4----pred:choices_3
chengong!
true:choices_3----pred:choices_4
true:choices_3----pred:desk drawer
chengong!
chengong!
true:choices_1----pred:choices_5
true:choices_4----pred:choices_5
chengong!
chengong!
chengong!
chengong!
chengong!
chengong!
true:choices_5----pred:choices_4
chengong!
chengong!
chengong!
chengong!
true:choices_1----pred:choices_4
true:choices_1----pred:beer
chengong!
chengong!
chengong!
chengong!
true:choices_5----pred:choices_1
true:choices_3----pred:church
chengong!
chengong!
true:choices_3----pred:choices_4
chengong!
chengong!
chengong!
chengong!
true:choices_2----pred:choices_4
chengong!
chengong!
chengong!
true:choices_5----pred:laugh
chengong!
chengong!
true:choices_4----pred:choices_5
chengong!
chengong!
true:choices_3----pred:choices_5
chengong!
true:choices_5----pred:choices_4
true:choices_1----pred:choices_4
true:choices_1----pred:choices_5
chengong!
chengong!
chengong!
chengong!
chengong!
chengong!
chengong!
chengong!
true:choices_3----pred:choices_5
true:choices_2----pred:choices_4
chengong!
true:choices_3----pred:choices_2
chengong!
chengong!
true:choices_3----pred:choices_4
true:choices_1----pred:choices_2
chengong!
true:choices_4----pred:choices_5
chengong!
chengong!
true:choices_5----pred:choices_3
chengong!
chengong!
chengong!
chengong!
chengong!
true:choices_2----pred:choices_4
true:choices_1----pred:choices_3
chengong!
chengong!
chengong!
chengong!
chengong!
true:choices_2----pred:choices_5
chengong!
true:choices_2----pred:choices_3
true:choices_3----pred:choices_2
chengong!
true:choices_2----pred:choices_3
chengong!
chengong!
chengong!
chengong!
chengong!
chengong!
chengong!
chengong!
chengong!
true:choices_2----pred:choices_5
true:choices_5----pred:choices_2
chengong!
true:choices_1----pred:choices_2
true:choices_5----pred:hand writing
chengong!
Commonsenseqa_ACC:134.0000  F1:0.0000
Mon Sep  8 16:31:46 CST 2025
comput09
